    description: Notebook
    product: 20TLA02WCD (LENOVO_MT_20TL_BU_Think_FM_ThinkPad X1 Extreme Gen 3)
    vendor: LENOVO
    version: ThinkPad X1 Extreme Gen 3
    serial: R911RDVD
    width: 64 bits
    capabilities: smbios-3.2.0 dmi-3.2.0 smp vsyscall32
    configuration: administrator_password=disabled chassis=notebook family=ThinkPad X1 Extreme Gen 3 power-on_password=disabled sku=LENOVO_MT_20TL_BU_Think_FM_ThinkPad X1 Extreme Gen 3 uuid=CC089C55-D424-B211-A85C-87BC067EBA84
  *-core
       description: Motherboard
       product: 20TLA02WCD
       vendor: LENOVO
       physical id: 0
       version: SDK0J40675 WIN
       serial: W1KS13210GG
       slot: Not Available
     *-memory
          description: System Memory
          physical id: 3
          slot: System board or motherboard
          size: 32GiB
        *-bank:0
             description: SODIMM DDR4 Synchronous 3200 MHz (0.3 ns)
             product: RMSA3330MJ78HBF-3200
             vendor: Ramaxel
             physical id: 0
             serial: 134A5CB2
             slot: ChannelA-DIMM0
             size: 16GiB
             width: 64 bits
             clock: 3200MHz (0.3ns)
        *-bank:1
             description: SODIMM DDR4 Synchronous 3200 MHz (0.3 ns)
             product: RMSA3330MJ78HBF-3200
             vendor: Ramaxel
             physical id: 1
             serial: 134E5CB2
             slot: ChannelB-DIMM0
             size: 16GiB
             width: 64 bits
             clock: 3200MHz (0.3ns)
     *-cache:0
          description: L1 cache
          physical id: d
          slot: L1 Cache
          size: 384KiB
          capacity: 384KiB
          capabilities: synchronous internal write-back unified
          configuration: level=1
     *-cache:1
          description: L2 cache
          physical id: e
          slot: L2 Cache
          size: 1536KiB
          capacity: 1536KiB
          capabilities: synchronous internal write-back unified
          configuration: level=2
     *-cache:2
          description: L3 cache
          physical id: f
          slot: L3 Cache
          size: 12MiB
          capacity: 12MiB
          capabilities: synchronous internal write-back unified
          configuration: level=3
     *-cpu
          description: CPU
          product: Intel(R) Core(TM) i7-10750H CPU @ 2.60GHz
          vendor: Intel Corp.
          physical id: 10
          bus info: cpu@0
          version: Intel(R) Core(TM) i7-10750H CPU @ 2.60GHz
          serial: None
          slot: U3E1
          size: 1583MHz
          capacity: 5GHz
          width: 64 bits
          clock: 100MHz
          capabilities: lm fpu fpu_exception wp vme de pse tsc msr pae mce cx8 apic sep mtrr pge mca cmov pat pse36 clflush dts acpi mmx fxsr sse sse2 ss ht tm pbe syscall nx pdpe1gb rdtscp x86-64 constant_tsc art arch_perfmon pebs bts rep_good nopl xtopology nonstop_tsc cpuid aperfmperf pni pclmulqdq dtes64 monitor ds_cpl vmx est tm2 ssse3 sdbg fma cx16 xtpr pdcm pcid sse4_1 sse4_2 x2apic movbe popcnt tsc_deadline_timer aes xsave avx f16c rdrand lahf_lm abm 3dnowprefetch cpuid_fault epb invpcid_single ssbd ibrs ibpb stibp ibrs_enhanced tpr_shadow vnmi flexpriority ept vpid ept_ad fsgsbase tsc_adjust bmi1 avx2 smep bmi2 erms invpcid mpx rdseed adx smap clflushopt intel_pt xsaveopt xsavec xgetbv1 xsaves dtherm ida arat pln pts hwp hwp_notify hwp_act_window hwp_epp pku ospke md_clear flush_l1d arch_capabilities cpufreq
          configuration: cores=6 enabledcores=6 threads=12
     *-firmware
          description: BIOS
          vendor: LENOVO
          physical id: 11
          version: N2VET26W (1.11 )
          date: 11/16/2020
          size: 128KiB
          capacity: 32MiB
          capabilities: pci pnp upgrade shadowing cdboot bootselect edd int13floppy720 int5printscreen int9keyboard int14serial int17printer int10video acpi usb biosbootspecification uefi
     *-pci
          description: Host bridge
          product: 10th Gen Core Processor Host Bridge/DRAM Registers
          vendor: Intel Corporation
          physical id: 100
          bus info: pci@0000:00:00.0
          version: 02
          width: 32 bits
          clock: 33MHz
          configuration: driver=skl_uncore
          resources: irq:0
        *-pci:0
             description: PCI bridge
             product: 6th-10th Gen Core Processor PCIe Controller (x16)
             vendor: Intel Corporation
             physical id: 1
             bus info: pci@0000:00:01.0
             version: 02
             width: 32 bits
             clock: 33MHz
             capabilities: pci pm msi pciexpress normal_decode bus_master cap_list
             configuration: driver=pcieport
             resources: irq:122 ioport:3000(size=4096) memory:ad000000-ae0fffff ioport:80000000(size=301989888)
           *-display
                description: VGA compatible controller
                product: TU117M [GeForce GTX 1650 Ti Mobile]
                vendor: NVIDIA Corporation
                physical id: 0
                bus info: pci@0000:01:00.0
                version: a1
                width: 64 bits
                clock: 33MHz
                capabilities: pm msi pciexpress vga_controller bus_master cap_list rom
                configuration: driver=nouveau latency=0
                resources: irq:163 memory:ad000000-adffffff memory:80000000-8fffffff memory:90000000-91ffffff ioport:3000(size=128) memory:ae080000-ae0fffff
           *-multimedia
                description: Audio device
                product: NVIDIA Corporation
                vendor: NVIDIA Corporation
                physical id: 0.1
                bus info: pci@0000:01:00.1
                version: a1
                width: 32 bits
                clock: 33MHz
                capabilities: pm msi pciexpress bus_master cap_list
                configuration: driver=snd_hda_intel latency=0
                resources: irq:17 memory:ae000000-ae003fff
        *-display
             description: VGA compatible controller
             product: CometLake-H GT2 [UHD Graphics]
             vendor: Intel Corporation
             physical id: 2
             bus info: pci@0000:00:02.0
             logical name: /dev/fb0
             logical name: /dev/fb1
             version: 05
             width: 64 bits
             clock: 33MHz
             capabilities: pciexpress msi pm vga_controller bus_master cap_list rom fb
             configuration: depth=32 driver=i915 latency=0 mode=1920x1080 visual=truecolor xres=1920 yres=1080
             resources: iomemory:600-5ff iomemory:400-3ff irq:162 memory:6040000000-6040ffffff memory:4000000000-400fffffff ioport:4000(size=64) memory:c0000-dffff
        *-generic:0
             description: Signal processing controller
             product: Xeon E3-1200 v5/E3-1500 v5/6th Gen Core Processor Thermal Subsystem
             vendor: Intel Corporation
             physical id: 4
             bus info: pci@0000:00:04.0
             version: 02
             width: 64 bits
             clock: 33MHz
             capabilities: msi pm cap_list
             configuration: driver=proc_thermal latency=0
             resources: iomemory:600-5ff irq:16 memory:6041110000-6041117fff
        *-generic:1 UNCLAIMED
             description: System peripheral
             product: Xeon E3-1200 v5/v6 / E3-1500 v5 / 6th/7th/8th Gen Core Processor Gaussian Mixture Model
             vendor: Intel Corporation
             physical id: 8
             bus info: pci@0000:00:08.0
             version: 00
             width: 64 bits
             clock: 33MHz
             capabilities: msi pm cap_list
             configuration: latency=0
             resources: iomemory:600-5ff memory:6041126000-6041126fff
        *-generic:2
             description: Signal processing controller
             product: Comet Lake PCH Thermal Controller
             vendor: Intel Corporation
             physical id: 12
             bus info: pci@0000:00:12.0
             version: 00
             width: 64 bits
             clock: 33MHz
             capabilities: pm msi cap_list
             configuration: driver=intel_pch_thermal latency=0
             resources: iomemory:600-5ff irq:16 memory:6041125000-6041125fff
        *-usb
             description: USB controller
             product: Comet Lake USB 3.1 xHCI Host Controller
             vendor: Intel Corporation
             physical id: 14
             bus info: pci@0000:00:14.0
             version: 00
             width: 64 bits
             clock: 33MHz
             capabilities: pm msi xhci bus_master cap_list
             configuration: driver=xhci_hcd latency=0
             resources: iomemory:600-5ff irq:148 memory:6041100000-604110ffff
           *-usbhost:0
                product: xHCI Host Controller
                vendor: Linux 5.10.0-13-amd64 xhci-hcd
                physical id: 0
                bus info: usb@1
                logical name: usb1
                version: 5.10
                capabilities: usb-2.00
                configuration: driver=hub slots=16 speed=480Mbit/s
              *-usb:0
                   description: Mouse
                   product: USB Receiver
                   vendor: Logitech
                   physical id: 1
                   bus info: usb@1:1
                   version: 30.00
                   capabilities: usb-2.00
                   configuration: driver=usbhid maxpower=98mA speed=12Mbit/s
              *-usb:1
                   description: USB hub
                   vendor: Texas Instruments, Inc.
                   physical id: 5
                   bus info: usb@1:5
                   version: 1.00
                   serial: 420108593707
                   capabilities: usb-2.10
                   configuration: driver=hub slots=6 speed=480Mbit/s
                 *-usb:0
                      description: Keyboard
                      product: Pro Gaming Keyboard
                      vendor: Logitech
                      physical id: 1
                      bus info: usb@1:5.1
                      version: 13.01
                      serial: 048B37753432
                      capabilities: usb-2.00
                      configuration: driver=usbhid maxpower=500mA speed=12Mbit/s
                 *-usb:1
                      description: Human interface device
                      vendor: Texas Instruments, Inc.
                      physical id: 5
                      bus info: usb@1:5.5
                      version: 1.00
                      serial: 420108593707
                      capabilities: usb-2.01
                      configuration: driver=usbhid speed=480Mbit/s
              *-usb:2
                   description: Wireless interface
                   product: Redmi Note 8 Pro
                   vendor: Xiaomi
                   physical id: 6
                   bus info: usb@1:6
                   version: 4.04
                   serial: lrj7bycmtgmjozp7
                   capabilities: usb-2.10
                   configuration: driver=rndis_host maxpower=500mA speed=480Mbit/s
              *-usb:3
                   description: Video
                   product: Integrated Camera
                   vendor: Chicony Electronics Co.,Ltd.
                   physical id: 8
                   bus info: usb@1:8
                   version: 58.18
                   serial: 0001
                   capabilities: usb-2.01
                   configuration: driver=uvcvideo maxpower=500mA speed=480Mbit/s
              *-usb:4 UNCLAIMED
                   description: Generic USB device
                   product: Prometheus MIS Touch Fingerprint Reader
                   vendor: Synaptics, Inc.
                   physical id: 9
                   bus info: usb@1:9
                   version: 0.00
                   serial: bc5ca5c08b66
                   capabilities: usb-2.00
                   configuration: maxpower=100mA speed=12Mbit/s
              *-usb:5
                   description: Bluetooth wireless interface
                   product: AX201 Bluetooth
                   vendor: Intel Corp.
                   physical id: e
                   bus info: usb@1:e
                   version: 0.02
                   capabilities: bluetooth usb-2.01
                   configuration: driver=btusb maxpower=100mA speed=12Mbit/s
           *-usbhost:1
                product: xHCI Host Controller
                vendor: Linux 5.10.0-13-amd64 xhci-hcd
                physical id: 1
                bus info: usb@2
                logical name: usb2
                version: 5.10
                capabilities: usb-3.10
                configuration: driver=hub slots=10 speed=10000Mbit/s
        *-memory UNCLAIMED
             description: RAM memory
             product: Comet Lake PCH Shared SRAM
             vendor: Intel Corporation
             physical id: 14.2
             bus info: pci@0000:00:14.2
             version: 00
             width: 64 bits
             clock: 33MHz (30.3ns)
             capabilities: pm cap_list
             configuration: latency=0
             resources: iomemory:600-5ff iomemory:600-5ff memory:6041120000-6041121fff memory:6041124000-6041124fff
        *-network UNCLAIMED
             description: Network controller
             product: Comet Lake PCH CNVi WiFi
             vendor: Intel Corporation
             physical id: 14.3
             bus info: pci@0000:00:14.3
             version: 00
             width: 64 bits
             clock: 33MHz
             capabilities: pm msi pciexpress msix cap_list
             configuration: latency=0
             resources: iomemory:600-5ff memory:604111c000-604111ffff
        *-communication
             description: Communication controller
             product: Comet Lake HECI Controller
             vendor: Intel Corporation
             physical id: 16
             bus info: pci@0000:00:16.0
             version: 00
             width: 64 bits
             clock: 33MHz
             capabilities: pm msi bus_master cap_list
             configuration: driver=mei_me latency=0
             resources: iomemory:600-5ff irq:164 memory:6041123000-6041123fff
        *-pci:1
             description: PCI bridge
             product: Intel Corporation
             vendor: Intel Corporation
             physical id: 1c
             bus info: pci@0000:00:1c.0
             version: f0
             width: 32 bits
             clock: 33MHz
             capabilities: pci pciexpress msi pm normal_decode bus_master cap_list
             configuration: driver=pcieport
             resources: irq:123 ioport:5000(size=12288) memory:94000000-ac1fffff ioport:6000000000(size=1073741824)
           *-pci
                description: PCI bridge
                product: JHL7540 Thunderbolt 3 Bridge [Titan Ridge 4C 2018]
                vendor: Intel Corporation
                physical id: 0
                bus info: pci@0000:04:00.0
                version: 06
                width: 64 bits
                clock: 33MHz
                capabilities: pci pm msi pciexpress normal_decode bus_master cap_list
                configuration: driver=pcieport
                resources: iomemory:61510-6150f irq:16 ioport:5000(size=8192) memory:94000000-ac1fffff ioport:6000000000(size=1073741824)
              *-pci:0
                   description: PCI bridge
                   product: JHL7540 Thunderbolt 3 Bridge [Titan Ridge 4C 2018]
                   vendor: Intel Corporation
                   physical id: 0
                   bus info: pci@0000:05:00.0
                   version: 06
                   width: 32 bits
                   clock: 33MHz
                   capabilities: pci pm msi pciexpress normal_decode bus_master cap_list
                   configuration: driver=pcieport
                   resources: irq:126 memory:ac100000-ac1fffff
                 *-generic
                      description: System peripheral
                      product: JHL7540 Thunderbolt 3 NHI [Titan Ridge 4C 2018]
                      vendor: Intel Corporation
                      physical id: 0
                      bus info: pci@0000:06:00.0
                      version: 06
                      width: 32 bits
                      clock: 33MHz
                      capabilities: pm msi pciexpress msix bus_master cap_list
                      configuration: driver=thunderbolt latency=0
                      resources: irq:16 memory:ac100000-ac13ffff memory:ac140000-ac140fff
              *-pci:1
                   description: PCI bridge
                   product: JHL7540 Thunderbolt 3 Bridge [Titan Ridge 4C 2018]
                   vendor: Intel Corporation
                   physical id: 1
                   bus info: pci@0000:05:01.0
                   version: 06
                   width: 32 bits
                   clock: 33MHz
                   capabilities: pci pm msi pciexpress normal_decode bus_master cap_list
                   configuration: driver=pcieport
                   resources: irq:127 ioport:5000(size=4096) memory:a0100000-ac0fffff ioport:6020000000(size=536870912)
              *-pci:2
                   description: PCI bridge
                   product: JHL7540 Thunderbolt 3 Bridge [Titan Ridge 4C 2018]
                   vendor: Intel Corporation
                   physical id: 2
                   bus info: pci@0000:05:02.0
                   version: 06
                   width: 32 bits
                   clock: 33MHz
                   capabilities: pci pm msi pciexpress normal_decode bus_master cap_list
                   configuration: driver=pcieport
                   resources: irq:128 memory:a0000000-a00fffff
                 *-usb
                      description: USB controller
                      product: JHL7540 Thunderbolt 3 USB Controller [Titan Ridge 4C 2018]
                      vendor: Intel Corporation
                      physical id: 0
                      bus info: pci@0000:2c:00.0
                      version: 06
                      width: 32 bits
                      clock: 33MHz
                      capabilities: pm msi pciexpress xhci bus_master cap_list
                      configuration: driver=xhci_hcd latency=0
                      resources: irq:161 memory:a0000000-a000ffff
                    *-usbhost:0
                         product: xHCI Host Controller
                         vendor: Linux 5.10.0-13-amd64 xhci-hcd
                         physical id: 0
                         bus info: usb@3
                         logical name: usb3
                         version: 5.10
                         capabilities: usb-2.00
                         configuration: driver=hub slots=2 speed=480Mbit/s
                    *-usbhost:1
                         product: xHCI Host Controller
                         vendor: Linux 5.10.0-13-amd64 xhci-hcd
                         physical id: 1
                         bus info: usb@4
                         logical name: usb4
                         version: 5.10
                         capabilities: usb-3.10
                         configuration: driver=hub slots=2 speed=10000Mbit/s
                       *-usb
                            description: USB hub
                            vendor: Texas Instruments, Inc.
                            physical id: 2
                            bus info: usb@4:2
                            version: 1.00
                            capabilities: usb-3.10
                            configuration: driver=hub slots=2 speed=5000Mbit/s
              *-pci:3
                   description: PCI bridge
                   product: JHL7540 Thunderbolt 3 Bridge [Titan Ridge 4C 2018]
                   vendor: Intel Corporation
                   physical id: 4
                   bus info: pci@0000:05:04.0
                   version: 06
                   width: 32 bits
                   clock: 33MHz
                   capabilities: pci pm msi pciexpress normal_decode bus_master cap_list
                   configuration: driver=pcieport
                   resources: irq:129 ioport:6000(size=4096) memory:94000000-9fffffff ioport:6000000000(size=536870912)
        *-pci:2
             description: PCI bridge
             product: Intel Corporation
             vendor: Intel Corporation
             physical id: 1c.7
             bus info: pci@0000:00:1c.7
             version: f0
             width: 32 bits
             clock: 33MHz
             capabilities: pci pciexpress msi pm normal_decode bus_master cap_list
             configuration: driver=pcieport
             resources: irq:124 memory:ae200000-ae2fffff
           *-generic
                description: Unassigned class
                product: RTS525A PCI Express Card Reader
                vendor: Realtek Semiconductor Co., Ltd.
                physical id: 0
                bus info: pci@0000:54:00.0
                version: 01
                width: 32 bits
                clock: 33MHz
                capabilities: pm msi pciexpress bus_master cap_list
                configuration: driver=rtsx_pci latency=0
                resources: irq:130 memory:ae200000-ae200fff
        *-pci:3
             description: PCI bridge
             product: Comet Lake PCI Express Root Port #9
             vendor: Intel Corporation
             physical id: 1d
             bus info: pci@0000:00:1d.0
             version: f0
             width: 32 bits
             clock: 33MHz
             capabilities: pci pciexpress msi pm normal_decode bus_master cap_list
             configuration: driver=pcieport
             resources: irq:125 memory:ae100000-ae1fffff
           *-storage
                description: Non-Volatile memory controller
                product: XG6 NVMe SSD Controller
                vendor: Toshiba Corporation
                physical id: 0
                bus info: pci@0000:55:00.0
                version: 00
                width: 64 bits
                clock: 33MHz
                capabilities: storage pciexpress pm msi msix nvm_express bus_master cap_list
                configuration: driver=nvme latency=0
                resources: irq:16 memory:ae100000-ae103fff
        *-isa
             description: ISA bridge
             product: Intel Corporation
             vendor: Intel Corporation
             physical id: 1f
             bus info: pci@0000:00:1f.0
             version: 00
             width: 32 bits
             clock: 33MHz
             capabilities: isa bus_master
             configuration: latency=0
        *-multimedia
             description: Multimedia audio controller
             product: Comet Lake PCH cAVS
             vendor: Intel Corporation
             physical id: 1f.3
             bus info: pci@0000:00:1f.3
             version: 00
             width: 64 bits
             clock: 33MHz
             capabilities: pm msi bus_master cap_list
             configuration: driver=sof-audio-pci latency=64
             resources: iomemory:600-5ff iomemory:600-5ff irq:165 memory:6041118000-604111bfff memory:6041000000-60410fffff
        *-serial:0
             description: SMBus
             product: Comet Lake PCH SMBus Controller
             vendor: Intel Corporation
             physical id: 1f.4
             bus info: pci@0000:00:1f.4
             version: 00
             width: 64 bits
             clock: 33MHz
             configuration: driver=i801_smbus latency=0
             resources: iomemory:600-5ff irq:16 memory:6041122000-60411220ff ioport:efa0(size=32)
        *-serial:1 UNCLAIMED
             description: Serial bus controller
             product: Comet Lake PCH SPI Controller
             vendor: Intel Corporation
             physical id: 1f.5
             bus info: pci@0000:00:1f.5
             version: 00
             width: 32 bits
             clock: 33MHz
             configuration: latency=0
             resources: memory:fe010000-fe010fff
     *-pnp00:00
          product: PnP device PNP0c02
          physical id: 0
          capabilities: pnp
          configuration: driver=system
     *-pnp00:01
          product: PnP device PNP0c02
          physical id: 1
          capabilities: pnp
          configuration: driver=system
     *-pnp00:02
          product: PnP device PNP0c02
          physical id: 2
          capabilities: pnp
          configuration: driver=system
     *-pnp00:03
          product: PnP device PNP0c02
          physical id: 4
          capabilities: pnp
          configuration: driver=system
     *-pnp00:04
          product: PnP device INT3f0d
          vendor: Interphase Corporation
          physical id: 5
          capabilities: pnp
          configuration: driver=system
     *-pnp00:05
          product: PnP device LEN0071
          vendor: Lenovo Group Limited
          physical id: 6
          capabilities: pnp
          configuration: driver=i8042 kbd
     *-pnp00:06
          product: PnP device LEN040f
          vendor: Lenovo Group Limited
          physical id: 7
          capabilities: pnp
          configuration: driver=i8042 aux
     *-pnp00:07
          product: PnP device PNP0c02
          physical id: 8
          capabilities: pnp
          configuration: driver=system
     *-pnp00:08
          product: PnP device PNP0c02
          physical id: 9
          capabilities: pnp
          configuration: driver=system
     *-pnp00:09
          product: PnP device PNP0c02
          physical id: a
          capabilities: pnp
          configuration: driver=system
     *-pnp00:0a
          product: PnP device PNP0c01
          physical id: b
          capabilities: pnp
          configuration: driver=system
  *-battery
       product: 5B10X19049
       vendor: SMP
       physical id: 1
       slot: Front
       capacity: 80400mWh
       configuration: voltage=15.4V
  *-network:0
       description: Ethernet interface
       physical id: 2
       logical name: lxcbr0
       serial: 00:16:3e:00:00:00
       capabilities: ethernet physical
       configuration: autonegotiation=off broadcast=yes driver=bridge driverversion=2.3 firmware=N/A ip=10.0.3.1 link=no multicast=yes
  *-network:1
       description: Ethernet interface
       physical id: 3
       bus info: usb@1:6
       logical name: usb0
       serial: 0a:29:d0:a1:2b:c4
       capabilities: ethernet physical
       configuration: broadcast=yes driver=rndis_host driverversion=5.10.0-13-amd64 firmware=RNDIS device ip=192.168.60.147 link=yes multicast=yes